<?xml version="1.0" encoding="UTF-8"?>
<!-- Generated by org.testng.reporters.JUnitReportReporter -->
<testsuite skipped="0" hostname="DESKTOP-4EC9HS4" name="com.TestNG.SoftAsert_Conept" tests="1" failures="0" timestamp="2022-07-02T15:40:18 IST" time="0.027" errors="0">
  <testcase name="demo1" time="0.027" classname="com.TestNG.SoftAsert_Conept"/>
  <system-out/>
</testsuite> <!-- com.TestNG.SoftAsert_Conept -->
