<?xml version="1.0" encoding="UTF-8"?>
<!-- Generated by org.testng.reporters.JUnitReportReporter -->
<testsuite skipped="0" hostname="DESKTOP-4EC9HS4" name="com.TestNG.ParallelTest" tests="3" failures="0" timestamp="2022-07-02T14:44:32 IST" time="45.590" errors="0">
  <testcase name="facebook" time="14.912" classname="com.TestNG.ParallelTest"/>
  <system-out/>
  <testcase name="google" time="16.518" classname="com.TestNG.ParallelTest"/>
  <system-out/>
  <testcase name="instagram" time="14.160" classname="com.TestNG.ParallelTest"/>
  <system-out/>
</testsuite> <!-- com.TestNG.ParallelTest -->
