<?xml version="1.0" encoding="UTF-8"?>
<!-- Generated by org.testng.reporters.JUnitReportReporter -->
<testsuite skipped="0" hostname="DESKTOP-4EC9HS4" name="com.TestNG.Timeout" tests="2" failures="0" timestamp="2022-06-24T18:50:06 IST" time="0.956" errors="0">
  <testcase name="login" time="0.016" classname="com.TestNG.Timeout"/>
  <system-out/>
  <testcase name="launch" time="0.940" classname="com.TestNG.Timeout"/>
  <system-out/>
</testsuite> <!-- com.TestNG.Timeout -->
