<?xml version="1.0" encoding="UTF-8"?>
<!-- Generated by org.testng.reporters.JUnitReportReporter -->
<testsuite skipped="0" hostname="DESKTOP-4EC9HS4" name="com.TestNG.SimpleAnnotations" tests="3" failures="0" timestamp="2022-06-24T18:04:45 IST" time="0.037" errors="0">
  <testcase name="laptops" time="0.023" classname="com.TestNG.SimpleAnnotations"/>
  <system-out/>
  <testcase name="mobiles" time="0.006" classname="com.TestNG.SimpleAnnotations"/>
  <system-out/>
  <testcase name="tablets" time="0.008" classname="com.TestNG.SimpleAnnotations"/>
  <system-out/>
</testsuite> <!-- com.TestNG.SimpleAnnotations -->
