<?xml version="1.0" encoding="UTF-8"?>
<!-- Generated by org.testng.reporters.JUnitReportReporter -->
<testsuite skipped="0" hostname="DESKTOP-4EC9HS4" name="com.TestNG.ParameterizedTest" tests="1" failures="0" timestamp="2022-06-28T16:24:51 IST" time="0.019" errors="0">
  <testcase name="crendentials" time="0.019" classname="com.TestNG.ParameterizedTest"/>
  <system-out/>
</testsuite> <!-- com.TestNG.ParameterizedTest -->
