<?xml version="1.0" encoding="UTF-8"?>
<!-- Generated by org.testng.reporters.JUnitReportReporter -->
<testsuite skipped="0" hostname="DESKTOP-4EC9HS4" name="com.TestNG.CrossBrowserTest" tests="2" failures="0" timestamp="2022-07-02T15:22:34 IST" time="18.832" errors="0">
  <testcase name="facebook" time="18.816" classname="com.TestNG.CrossBrowserTest"/>
  <system-out/>
  <testcase name="facebook" time="0.016" classname="com.TestNG.CrossBrowserTest"/>
  <system-out/>
</testsuite> <!-- com.TestNG.CrossBrowserTest -->
