<?xml version="1.0" encoding="UTF-8"?>
<!-- Generated by org.testng.reporters.JUnitReportReporter -->
<testsuite skipped="2" hostname="DESKTOP-4EC9HS4" name="com.TestNG.PriorityConcept" tests="5" failures="0" timestamp="2022-06-24T18:29:59 IST" time="0.016" errors="0">
  <testcase name="login" time="0.016" classname="com.TestNG.PriorityConcept"/>
  <system-out/>
  <testcase name="browserlunch" time="0.000" classname="com.TestNG.PriorityConcept"/>
  <system-out/>
  <testcase name="browserlunch" time="0.000" classname="com.TestNG.PriorityConcept"/>
  <system-out/>
  <testcase name="logout" classname="com.TestNG.PriorityConcept">
    <skipped/>
  </testcase> <!-- logout -->
  <system-out/>
  <testcase name="url" classname="com.TestNG.PriorityConcept">
    <skipped/>
  </testcase> <!-- url -->
  <system-out/>
</testsuite> <!-- com.TestNG.PriorityConcept -->
