<?xml version="1.0" encoding="UTF-8"?>
<!-- Generated by org.testng.reporters.JUnitReportReporter -->
<testsuite skipped="0" hostname="DESKTOP-4EC9HS4" name="com.TestNG.DataProviderConcept" tests="2" failures="0" timestamp="2022-06-28T18:16:59 IST" time="0.022" errors="0">
  <testcase name="credentials" time="0.004" classname="com.TestNG.DataProviderConcept"/>
  <system-out/>
  <testcase name="credentials" time="0.018" classname="com.TestNG.DataProviderConcept"/>
  <system-out/>
</testsuite> <!-- com.TestNG.DataProviderConcept -->
