<?xml version="1.0" encoding="UTF-8"?>
<!-- Generated by org.testng.reporters.JUnitReportReporter -->
<testsuite skipped="0" hostname="DESKTOP-4EC9HS4" name="com.TestNG.GroupsTest" tests="6" failures="0" timestamp="2022-06-28T16:05:57 IST" time="0.061" errors="0">
  <testcase name="amazon" time="0.007" classname="com.TestNG.GroupsTest"/>
  <system-out/>
  <testcase name="whatsapp" time="0.015" classname="com.TestNG.GroupsTest"/>
  <system-out/>
  <testcase name="flipcart" time="0.004" classname="com.TestNG.GroupsTest"/>
  <system-out/>
  <testcase name="facebook" time="0.025" classname="com.TestNG.GroupsTest"/>
  <system-out/>
  <testcase name="telegram" time="0.005" classname="com.TestNG.GroupsTest"/>
  <system-out/>
  <testcase name="instagram" time="0.005" classname="com.TestNG.GroupsTest"/>
  <system-out/>
</testsuite> <!-- com.TestNG.GroupsTest -->
