<?xml version="1.0" encoding="UTF-8"?>
<!-- Generated by org.testng.reporters.JUnitReportReporter -->
<testsuite skipped="1" hostname="DESKTOP-4EC9HS4" name="com.TestNG.IgnoreTest" tests="3" failures="0" timestamp="2022-06-24T18:16:46 IST" time="0.022" errors="0">
  <testcase name="laptops" time="0.019" classname="com.TestNG.IgnoreTest"/>
  <system-out/>
  <testcase name="mobiles" time="0.003" classname="com.TestNG.IgnoreTest"/>
  <system-out/>
  <testcase name="earphones" classname="com.TestNG.IgnoreTest">
    <skipped/>
  </testcase> <!-- earphones -->
  <system-out/>
</testsuite> <!-- com.TestNG.IgnoreTest -->
